<?xml version="1.0" encoding="UTF-8"?>
<testsuite name="ru.netology.maskalev.CustomerControllerTest" tests="4" skipped="0" failures="0" errors="0" timestamp="2023-12-22T21:54:04" hostname="GLEB-MATEBOOK-D" time="0.07">
  <properties/>
  <testcase name="contextLoad()" classname="ru.netology.maskalev.CustomerControllerTest" time="0.017"/>
  <testcase name="getCustomerTest()" classname="ru.netology.maskalev.CustomerControllerTest" time="0.009"/>
  <testcase name="addCustomerTest()" classname="ru.netology.maskalev.CustomerControllerTest" time="0.013"/>
  <testcase name="getCustomersTest()" classname="ru.netology.maskalev.CustomerControllerTest" time="0.018"/>
  <system-out><![CDATA[2023-12-23 02:54:04.346  INFO 9700 --- [    Test worker] .b.t.c.SpringBootTestContextBootstrapper : Neither @ContextConfiguration nor @ContextHierarchy found for test class [ru.netology.maskalev.CustomerControllerTest], using SpringBootContextLoader
2023-12-23 02:54:04.349  INFO 9700 --- [    Test worker] o.s.t.c.support.AbstractContextLoader    : Could not detect default resource locations for test class [ru.netology.maskalev.CustomerControllerTest]: no resource found for suffixes {-context.xml, Context.groovy}.
2023-12-23 02:54:04.349  INFO 9700 --- [    Test worker] t.c.s.AnnotationConfigContextLoaderUtils : Could not detect default configuration classes for test class [ru.netology.maskalev.CustomerControllerTest]: CustomerControllerTest does not declare any static, non-private, non-final, nested classes annotated with @Configuration.
2023-12-23 02:54:04.356  INFO 9700 --- [    Test worker] .b.t.c.SpringBootTestContextBootstrapper : Found @SpringBootConfiguration ru.netology.maskalev.OperationHistoryApiApplication for test class ru.netology.maskalev.CustomerControllerTest
2023-12-23 02:54:04.358  INFO 9700 --- [    Test worker] .b.t.c.SpringBootTestContextBootstrapper : Loaded default TestExecutionListener class names from location [META-INF/spring.factories]: [org.springframework.boot.test.autoconfigure.restdocs.RestDocsTestExecutionListener, org.springframework.boot.test.autoconfigure.web.client.MockRestServiceServerResetTestExecutionListener, org.springframework.boot.test.autoconfigure.web.servlet.MockMvcPrintOnlyOnFailureTestExecutionListener, org.springframework.boot.test.autoconfigure.web.servlet.WebDriverTestExecutionListener, org.springframework.boot.test.autoconfigure.webservices.client.MockWebServiceServerTestExecutionListener, org.springframework.boot.test.mock.mockito.MockitoTestExecutionListener, org.springframework.boot.test.mock.mockito.ResetMocksTestExecutionListener, org.springframework.test.context.web.ServletTestExecutionListener, org.springframework.test.context.support.DirtiesContextBeforeModesTestExecutionListener, org.springframework.test.context.event.ApplicationEventsTestExecutionListener, org.springframework.test.context.support.DependencyInjectionTestExecutionListener, org.springframework.test.context.support.DirtiesContextTestExecutionListener, org.springframework.test.context.transaction.TransactionalTestExecutionListener, org.springframework.test.context.jdbc.SqlScriptsTestExecutionListener, org.springframework.test.context.event.EventPublishingTestExecutionListener]
2023-12-23 02:54:04.361  INFO 9700 --- [    Test worker] .b.t.c.SpringBootTestContextBootstrapper : Using TestExecutionListeners: [org.springframework.test.context.web.ServletTestExecutionListener@63e4484d, org.springframework.test.context.support.DirtiesContextBeforeModesTestExecutionListener@6a5dd083, org.springframework.test.context.event.ApplicationEventsTestExecutionListener@77663cd7, org.springframework.boot.test.mock.mockito.MockitoTestExecutionListener@1d17423f, org.springframework.boot.test.autoconfigure.SpringBootDependencyInjectionTestExecutionListener@5c70d7f0, org.springframework.test.context.support.DirtiesContextTestExecutionListener@582dcd35, org.springframework.test.context.event.EventPublishingTestExecutionListener@1e6bd263, org.springframework.boot.test.autoconfigure.restdocs.RestDocsTestExecutionListener@394a6d2b, org.springframework.boot.test.autoconfigure.web.client.MockRestServiceServerResetTestExecutionListener@635ff2a5, org.springframework.boot.test.autoconfigure.web.servlet.MockMvcPrintOnlyOnFailureTestExecutionListener@55adcf9e, org.springframework.boot.test.autoconfigure.web.servlet.WebDriverTestExecutionListener@1515f782, org.springframework.boot.test.autoconfigure.webservices.client.MockWebServiceServerTestExecutionListener@7f5ce33e, org.springframework.boot.test.mock.mockito.ResetMocksTestExecutionListener@638afcaa]
Processing operation: Operation(id=1, sum=123, currency=rub, merchant=Merch, clientId=1)
Waiting for next operation in queue
]]></system-out>
  <system-err><![CDATA[]]></system-err>
</testsuite>
