<?xml version="1.0" encoding="UTF-8"?>
<testsuite name="ru.netology.maskalev.OperationControllerTest" tests="4" skipped="0" failures="0" errors="0" timestamp="2023-12-22T21:53:55" hostname="GLEB-MATEBOOK-D" time="8.844">
  <properties/>
  <testcase name="contextLoad()" classname="ru.netology.maskalev.OperationControllerTest" time="0.722"/>
  <testcase name="deleteOperationTest()" classname="ru.netology.maskalev.OperationControllerTest" time="2.047"/>
  <testcase name="addOperationTest()" classname="ru.netology.maskalev.OperationControllerTest" time="3.024"/>
  <testcase name="getCustomerOperationsTest()" classname="ru.netology.maskalev.OperationControllerTest" time="3.031"/>
  <system-out><![CDATA[02:53:51.659 [Test worker] DEBUG org.springframework.test.context.BootstrapUtils - Instantiating CacheAwareContextLoaderDelegate from class [org.springframework.test.context.cache.DefaultCacheAwareContextLoaderDelegate]
02:53:51.709 [Test worker] DEBUG org.springframework.test.context.BootstrapUtils - Instantiating BootstrapContext using constructor [public org.springframework.test.context.support.DefaultBootstrapContext(java.lang.Class,org.springframework.test.context.CacheAwareContextLoaderDelegate)]
02:53:51.850 [Test worker] DEBUG org.springframework.test.context.BootstrapUtils - Instantiating TestContextBootstrapper for test class [ru.netology.maskalev.OperationControllerTest] from class [org.springframework.boot.test.context.SpringBootTestContextBootstrapper]
02:53:51.870 [Test worker] INFO org.springframework.boot.test.context.SpringBootTestContextBootstrapper - Neither @ContextConfiguration nor @ContextHierarchy found for test class [ru.netology.maskalev.OperationControllerTest], using SpringBootContextLoader
02:53:51.875 [Test worker] DEBUG org.springframework.test.context.support.AbstractContextLoader - Did not detect default resource location for test class [ru.netology.maskalev.OperationControllerTest]: class path resource [ru/netology/maskalev/OperationControllerTest-context.xml] does not exist
02:53:51.877 [Test worker] DEBUG org.springframework.test.context.support.AbstractContextLoader - Did not detect default resource location for test class [ru.netology.maskalev.OperationControllerTest]: class path resource [ru/netology/maskalev/OperationControllerTestContext.groovy] does not exist
02:53:51.880 [Test worker] INFO org.springframework.test.context.support.AbstractContextLoader - Could not detect default resource locations for test class [ru.netology.maskalev.OperationControllerTest]: no resource found for suffixes {-context.xml, Context.groovy}.
02:53:51.882 [Test worker] INFO org.springframework.test.context.support.AnnotationConfigContextLoaderUtils - Could not detect default configuration classes for test class [ru.netology.maskalev.OperationControllerTest]: OperationControllerTest does not declare any static, non-private, non-final, nested classes annotated with @Configuration.
02:53:51.944 [Test worker] DEBUG org.springframework.test.context.support.ActiveProfilesUtils - Could not find an 'annotation declaring class' for annotation type [org.springframework.test.context.ActiveProfiles] and class [ru.netology.maskalev.OperationControllerTest]
02:53:52.023 [Test worker] DEBUG org.springframework.context.annotation.ClassPathScanningCandidateComponentProvider - Identified candidate component class: file [D:\My Projects\API-Operations-History-main\API-Operations-History-main\build\classes\java\main\ru\netology\maskalev\OperationHistoryApiApplication.class]
02:53:52.024 [Test worker] INFO org.springframework.boot.test.context.SpringBootTestContextBootstrapper - Found @SpringBootConfiguration ru.netology.maskalev.OperationHistoryApiApplication for test class ru.netology.maskalev.OperationControllerTest
02:53:52.172 [Test worker] DEBUG org.springframework.boot.test.context.SpringBootTestContextBootstrapper - @TestExecutionListeners is not present for class [ru.netology.maskalev.OperationControllerTest]: using defaults.
02:53:52.173 [Test worker] INFO org.springframework.boot.test.context.SpringBootTestContextBootstrapper - Loaded default TestExecutionListener class names from location [META-INF/spring.factories]: [org.springframework.boot.test.autoconfigure.restdocs.RestDocsTestExecutionListener, org.springframework.boot.test.autoconfigure.web.client.MockRestServiceServerResetTestExecutionListener, org.springframework.boot.test.autoconfigure.web.servlet.MockMvcPrintOnlyOnFailureTestExecutionListener, org.springframework.boot.test.autoconfigure.web.servlet.WebDriverTestExecutionListener, org.springframework.boot.test.autoconfigure.webservices.client.MockWebServiceServerTestExecutionListener, org.springframework.boot.test.mock.mockito.MockitoTestExecutionListener, org.springframework.boot.test.mock.mockito.ResetMocksTestExecutionListener, org.springframework.test.context.web.ServletTestExecutionListener, org.springframework.test.context.support.DirtiesContextBeforeModesTestExecutionListener, org.springframework.test.context.event.ApplicationEventsTestExecutionListener, org.springframework.test.context.support.DependencyInjectionTestExecutionListener, org.springframework.test.context.support.DirtiesContextTestExecutionListener, org.springframework.test.context.transaction.TransactionalTestExecutionListener, org.springframework.test.context.jdbc.SqlScriptsTestExecutionListener, org.springframework.test.context.event.EventPublishingTestExecutionListener]
02:53:52.185 [Test worker] DEBUG org.springframework.boot.test.context.SpringBootTestContextBootstrapper - Skipping candidate TestExecutionListener [org.springframework.test.context.transaction.TransactionalTestExecutionListener] due to a missing dependency. Specify custom listener classes or make the default listener classes and their required dependencies available. Offending class: [org/springframework/transaction/interceptor/TransactionAttributeSource]
02:53:52.186 [Test worker] DEBUG org.springframework.boot.test.context.SpringBootTestContextBootstrapper - Skipping candidate TestExecutionListener [org.springframework.test.context.jdbc.SqlScriptsTestExecutionListener] due to a missing dependency. Specify custom listener classes or make the default listener classes and their required dependencies available. Offending class: [org/springframework/transaction/interceptor/TransactionAttribute]
02:53:52.188 [Test worker] INFO org.springframework.boot.test.context.SpringBootTestContextBootstrapper - Using TestExecutionListeners: [org.springframework.test.context.web.ServletTestExecutionListener@22680f52, org.springframework.test.context.support.DirtiesContextBeforeModesTestExecutionListener@60d84f61, org.springframework.test.context.event.ApplicationEventsTestExecutionListener@39c11e6c, org.springframework.boot.test.mock.mockito.MockitoTestExecutionListener@324dcd31, org.springframework.boot.test.autoconfigure.SpringBootDependencyInjectionTestExecutionListener@503d56b5, org.springframework.test.context.support.DirtiesContextTestExecutionListener@72bca894, org.springframework.test.context.event.EventPublishingTestExecutionListener@433ffad1, org.springframework.boot.test.autoconfigure.restdocs.RestDocsTestExecutionListener@1fc793c2, org.springframework.boot.test.autoconfigure.web.client.MockRestServiceServerResetTestExecutionListener@2575f671, org.springframework.boot.test.autoconfigure.web.servlet.MockMvcPrintOnlyOnFailureTestExecutionListener@329a1243, org.springframework.boot.test.autoconfigure.web.servlet.WebDriverTestExecutionListener@ecf9fb3, org.springframework.boot.test.autoconfigure.webservices.client.MockWebServiceServerTestExecutionListener@2d35442b, org.springframework.boot.test.mock.mockito.ResetMocksTestExecutionListener@27f9e982]
02:53:52.193 [Test worker] DEBUG org.springframework.test.context.support.AbstractDirtiesContextTestExecutionListener - Before test class: context [DefaultTestContext@2d8f2f3a testClass = OperationControllerTest, testInstance = [null], testMethod = [null], testException = [null], mergedContextConfiguration = [WebMergedContextConfiguration@2024293c testClass = OperationControllerTest, locations = '{}', classes = '{class ru.netology.maskalev.OperationHistoryApiApplication}', contextInitializerClasses = '[]', activeProfiles = '{}', propertySourceLocations = '{}', propertySourceProperties = '{org.springframework.boot.test.context.SpringBootTestContextBootstrapper=true}', contextCustomizers = set[org.springframework.boot.test.autoconfigure.actuate.metrics.MetricsExportContextCustomizerFactory$DisableMetricExportContextCustomizer@57fd91c9, org.springframework.boot.test.autoconfigure.properties.PropertyMappingContextCustomizer@0, org.springframework.boot.test.autoconfigure.web.servlet.WebDriverContextCustomizerFactory$Customizer@75459c75, org.springframework.boot.test.context.filter.ExcludeFilterContextCustomizer@b78a709, org.springframework.boot.test.json.DuplicateJsonObjectContextCustomizerFactory$DuplicateJsonObjectContextCustomizer@cb191ca, org.springframework.boot.test.mock.mockito.MockitoContextCustomizer@0, org.springframework.boot.test.web.client.TestRestTemplateContextCustomizer@75d0911a, org.springframework.boot.test.context.SpringBootTestArgs@1, org.springframework.boot.test.context.SpringBootTestWebEnvironment@c667f46], resourceBasePath = 'src/main/webapp', contextLoader = 'org.springframework.boot.test.context.SpringBootContextLoader', parent = [null]], attributes = map['org.springframework.test.context.web.ServletTestExecutionListener.activateListener' -> true]], class annotated with @DirtiesContext [false] with mode [null].

  .   ____          _            __ _ _
 /\\ / ___'_ __ _ _(_)_ __  __ _ \ \ \ \
( ( )\___ | '_ | '_| | '_ \/ _` | \ \ \ \
 \\/  ___)| |_)| | | | | || (_| |  ) ) ) )
  '  |____| .__|_| |_|_| |_\__, | / / / /
 =========|_|==============|___/=/_/_/_/
 :: Spring Boot ::                (v2.7.4)

2023-12-23 02:53:52.871  INFO 9700 --- [    Test worker] r.n.maskalev.OperationControllerTest     : Starting OperationControllerTest using Java 11.0.16.1 on Gleb-MateBook-D15 with PID 9700 (started by glebm in D:\My Projects\API-Operations-History-main\API-Operations-History-main)
2023-12-23 02:53:52.876  INFO 9700 --- [    Test worker] r.n.maskalev.OperationControllerTest     : No active profile set, falling back to 1 default profile: "default"
Waiting for next operation in queue
2023-12-23 02:53:55.171  INFO 9700 --- [    Test worker] r.n.maskalev.OperationControllerTest     : Started OperationControllerTest in 2.933 seconds (JVM running for 5.358)
Waiting for next operation in queue
Processing operation: Operation(id=1, sum=123, currency=rub, merchant=merch, clientId=1)
Processing operation: Operation(id=2, sum=1231, currency=rub, merchant=merch1, clientId=2)
Waiting for next operation in queue
Waiting for next operation in queue
Deleted operation: Operation(id=1, sum=123, currency=rub, merchant=merch, clientId=1)
Processing operation: Operation(id=1, sum=123, currency=rub, merchant=merch, clientId=1)
Processing operation: Operation(id=2, sum=1231, currency=rub, merchant=merch1, clientId=2)
Waiting for next operation in queue
Waiting for next operation in queue
Waiting for next operation in queue
Deleted operation: Operation(id=1, sum=123, currency=rub, merchant=merch, clientId=1)
Deleted operation: Operation(id=2, sum=1231, currency=rub, merchant=merch1, clientId=2)
Deleted operation: Operation(id=2, sum=1231, currency=rub, merchant=merch1, clientId=2)
Processing operation: Operation(id=1, sum=123, currency=rub, merchant=merch, clientId=1)
Processing operation: Operation(id=2, sum=1231, currency=rub, merchant=merch1, clientId=1)
Processing operation: Operation(id=1, sum=123, currency=rub, merchant=merch, clientId=1)
Waiting for next operation in queue
Waiting for next operation in queue
Waiting for next operation in queue
]]></system-out>
  <system-err><![CDATA[]]></system-err>
</testsuite>
