<?xml version="1.0" encoding="UTF-8"?>
<testsuite name="ru.netology.maskalev.StatementServiceTest" tests="3" skipped="0" failures="0" errors="0" timestamp="2023-12-23T10:45:06" hostname="GLEB-MATEBOOK-D" time="0.031">
  <properties/>
  <testcase name="contextLoad()" classname="ru.netology.maskalev.StatementServiceTest" time="0.006"/>
  <testcase name="deleteOperationById()" classname="ru.netology.maskalev.StatementServiceTest" time="0.007"/>
  <testcase name="AddToStatementTest()" classname="ru.netology.maskalev.StatementServiceTest" time="0.015"/>
  <system-out><![CDATA[2023-12-23 15:45:06.395  INFO 16008 --- [    Test worker] .b.t.c.SpringBootTestContextBootstrapper : Neither @ContextConfiguration nor @ContextHierarchy found for test class [ru.netology.maskalev.StatementServiceTest], using SpringBootContextLoader
2023-12-23 15:45:06.398  INFO 16008 --- [    Test worker] o.s.t.c.support.AbstractContextLoader    : Could not detect default resource locations for test class [ru.netology.maskalev.StatementServiceTest]: no resource found for suffixes {-context.xml, Context.groovy}.
2023-12-23 15:45:06.398  INFO 16008 --- [    Test worker] t.c.s.AnnotationConfigContextLoaderUtils : Could not detect default configuration classes for test class [ru.netology.maskalev.StatementServiceTest]: StatementServiceTest does not declare any static, non-private, non-final, nested classes annotated with @Configuration.
2023-12-23 15:45:06.402  INFO 16008 --- [    Test worker] .b.t.c.SpringBootTestContextBootstrapper : Found @SpringBootConfiguration ru.netology.maskalev.OperationHistoryApiApplication for test class ru.netology.maskalev.StatementServiceTest
2023-12-23 15:45:06.405  INFO 16008 --- [    Test worker] .b.t.c.SpringBootTestContextBootstrapper : Loaded default TestExecutionListener class names from location [META-INF/spring.factories]: [org.springframework.boot.test.autoconfigure.restdocs.RestDocsTestExecutionListener, org.springframework.boot.test.autoconfigure.web.client.MockRestServiceServerResetTestExecutionListener, org.springframework.boot.test.autoconfigure.web.servlet.MockMvcPrintOnlyOnFailureTestExecutionListener, org.springframework.boot.test.autoconfigure.web.servlet.WebDriverTestExecutionListener, org.springframework.boot.test.autoconfigure.webservices.client.MockWebServiceServerTestExecutionListener, org.springframework.boot.test.mock.mockito.MockitoTestExecutionListener, org.springframework.boot.test.mock.mockito.ResetMocksTestExecutionListener, org.springframework.test.context.web.ServletTestExecutionListener, org.springframework.test.context.support.DirtiesContextBeforeModesTestExecutionListener, org.springframework.test.context.event.ApplicationEventsTestExecutionListener, org.springframework.test.context.support.DependencyInjectionTestExecutionListener, org.springframework.test.context.support.DirtiesContextTestExecutionListener, org.springframework.test.context.transaction.TransactionalTestExecutionListener, org.springframework.test.context.jdbc.SqlScriptsTestExecutionListener, org.springframework.test.context.event.EventPublishingTestExecutionListener]
2023-12-23 15:45:06.407  INFO 16008 --- [    Test worker] .b.t.c.SpringBootTestContextBootstrapper : Using TestExecutionListeners: [org.springframework.test.context.web.ServletTestExecutionListener@d108406, org.springframework.test.context.support.DirtiesContextBeforeModesTestExecutionListener@799c8758, org.springframework.test.context.event.ApplicationEventsTestExecutionListener@6e00837f, org.springframework.boot.test.mock.mockito.MockitoTestExecutionListener@63e4484d, org.springframework.boot.test.autoconfigure.SpringBootDependencyInjectionTestExecutionListener@6a5dd083, org.springframework.test.context.support.DirtiesContextTestExecutionListener@77663cd7, org.springframework.test.context.event.EventPublishingTestExecutionListener@1d17423f, org.springframework.boot.test.autoconfigure.restdocs.RestDocsTestExecutionListener@5c70d7f0, org.springframework.boot.test.autoconfigure.web.client.MockRestServiceServerResetTestExecutionListener@582dcd35, org.springframework.boot.test.autoconfigure.web.servlet.MockMvcPrintOnlyOnFailureTestExecutionListener@1e6bd263, org.springframework.boot.test.autoconfigure.web.servlet.WebDriverTestExecutionListener@394a6d2b, org.springframework.boot.test.autoconfigure.webservices.client.MockWebServiceServerTestExecutionListener@635ff2a5, org.springframework.boot.test.mock.mockito.ResetMocksTestExecutionListener@55adcf9e]
]]></system-out>
  <system-err><![CDATA[]]></system-err>
</testsuite>
