<?xml version="1.0" encoding="UTF-8"?>
<testsuite name="ru.netology.maskalev.OperationHistoryApiApplicationTest" tests="1" skipped="0" failures="0" errors="0" timestamp="2023-12-22T21:54:04" hostname="GLEB-MATEBOOK-D" time="0.007">
  <properties/>
  <testcase name="contextLoad()" classname="ru.netology.maskalev.OperationHistoryApiApplicationTest" time="0.007"/>
  <system-out><![CDATA[2023-12-23 02:54:04.525  INFO 9700 --- [    Test worker] .b.t.c.SpringBootTestContextBootstrapper : Neither @ContextConfiguration nor @ContextHierarchy found for test class [ru.netology.maskalev.OperationHistoryApiApplicationTest], using SpringBootContextLoader
2023-12-23 02:54:04.528  INFO 9700 --- [    Test worker] o.s.t.c.support.AbstractContextLoader    : Could not detect default resource locations for test class [ru.netology.maskalev.OperationHistoryApiApplicationTest]: no resource found for suffixes {-context.xml, Context.groovy}.
2023-12-23 02:54:04.529  INFO 9700 --- [    Test worker] t.c.s.AnnotationConfigContextLoaderUtils : Could not detect default configuration classes for test class [ru.netology.maskalev.OperationHistoryApiApplicationTest]: OperationHistoryApiApplicationTest does not declare any static, non-private, non-final, nested classes annotated with @Configuration.
2023-12-23 02:54:04.531  INFO 9700 --- [    Test worker] .b.t.c.SpringBootTestContextBootstrapper : Found @SpringBootConfiguration ru.netology.maskalev.OperationHistoryApiApplication for test class ru.netology.maskalev.OperationHistoryApiApplicationTest
2023-12-23 02:54:04.534  INFO 9700 --- [    Test worker] .b.t.c.SpringBootTestContextBootstrapper : Loaded default TestExecutionListener class names from location [META-INF/spring.factories]: [org.springframework.boot.test.autoconfigure.restdocs.RestDocsTestExecutionListener, org.springframework.boot.test.autoconfigure.web.client.MockRestServiceServerResetTestExecutionListener, org.springframework.boot.test.autoconfigure.web.servlet.MockMvcPrintOnlyOnFailureTestExecutionListener, org.springframework.boot.test.autoconfigure.web.servlet.WebDriverTestExecutionListener, org.springframework.boot.test.autoconfigure.webservices.client.MockWebServiceServerTestExecutionListener, org.springframework.boot.test.mock.mockito.MockitoTestExecutionListener, org.springframework.boot.test.mock.mockito.ResetMocksTestExecutionListener, org.springframework.test.context.web.ServletTestExecutionListener, org.springframework.test.context.support.DirtiesContextBeforeModesTestExecutionListener, org.springframework.test.context.event.ApplicationEventsTestExecutionListener, org.springframework.test.context.support.DependencyInjectionTestExecutionListener, org.springframework.test.context.support.DirtiesContextTestExecutionListener, org.springframework.test.context.transaction.TransactionalTestExecutionListener, org.springframework.test.context.jdbc.SqlScriptsTestExecutionListener, org.springframework.test.context.event.EventPublishingTestExecutionListener]
2023-12-23 02:54:04.536  INFO 9700 --- [    Test worker] .b.t.c.SpringBootTestContextBootstrapper : Using TestExecutionListeners: [org.springframework.test.context.web.ServletTestExecutionListener@40dd552c, org.springframework.test.context.support.DirtiesContextBeforeModesTestExecutionListener@33f4c769, org.springframework.test.context.event.ApplicationEventsTestExecutionListener@4ebd6fd6, org.springframework.boot.test.mock.mockito.MockitoTestExecutionListener@5e5a8718, org.springframework.boot.test.autoconfigure.SpringBootDependencyInjectionTestExecutionListener@7404ddca, org.springframework.test.context.support.DirtiesContextTestExecutionListener@615e83ac, org.springframework.test.context.event.EventPublishingTestExecutionListener@4438938e, org.springframework.boot.test.autoconfigure.restdocs.RestDocsTestExecutionListener@4e50ae56, org.springframework.boot.test.autoconfigure.web.client.MockRestServiceServerResetTestExecutionListener@1c68d0db, org.springframework.boot.test.autoconfigure.web.servlet.MockMvcPrintOnlyOnFailureTestExecutionListener@9be7319, org.springframework.boot.test.autoconfigure.web.servlet.WebDriverTestExecutionListener@91a2543, org.springframework.boot.test.autoconfigure.webservices.client.MockWebServiceServerTestExecutionListener@42730828, org.springframework.boot.test.mock.mockito.ResetMocksTestExecutionListener@18c7f6b5]
]]></system-out>
  <system-err><![CDATA[]]></system-err>
</testsuite>
