<?xml version="1.0" encoding="UTF-8"?>
<testsuite name="ru.netology.maskalev.CustomerControllerTest" tests="4" skipped="0" failures="0" errors="0" timestamp="2023-12-23T10:45:06" hostname="GLEB-MATEBOOK-D" time="0.045">
  <properties/>
  <testcase name="contextLoad()" classname="ru.netology.maskalev.CustomerControllerTest" time="0.006"/>
  <testcase name="getCustomerTest()" classname="ru.netology.maskalev.CustomerControllerTest" time="0.006"/>
  <testcase name="addCustomerTest()" classname="ru.netology.maskalev.CustomerControllerTest" time="0.01"/>
  <testcase name="getCustomersTest()" classname="ru.netology.maskalev.CustomerControllerTest" time="0.008"/>
  <system-out><![CDATA[2023-12-23 15:45:06.174  INFO 16008 --- [    Test worker] .b.t.c.SpringBootTestContextBootstrapper : Neither @ContextConfiguration nor @ContextHierarchy found for test class [ru.netology.maskalev.CustomerControllerTest], using SpringBootContextLoader
2023-12-23 15:45:06.178  INFO 16008 --- [    Test worker] o.s.t.c.support.AbstractContextLoader    : Could not detect default resource locations for test class [ru.netology.maskalev.CustomerControllerTest]: no resource found for suffixes {-context.xml, Context.groovy}.
2023-12-23 15:45:06.180  INFO 16008 --- [    Test worker] t.c.s.AnnotationConfigContextLoaderUtils : Could not detect default configuration classes for test class [ru.netology.maskalev.CustomerControllerTest]: CustomerControllerTest does not declare any static, non-private, non-final, nested classes annotated with @Configuration.
2023-12-23 15:45:06.184  INFO 16008 --- [    Test worker] .b.t.c.SpringBootTestContextBootstrapper : Found @SpringBootConfiguration ru.netology.maskalev.OperationHistoryApiApplication for test class ru.netology.maskalev.CustomerControllerTest
2023-12-23 15:45:06.194  INFO 16008 --- [    Test worker] .b.t.c.SpringBootTestContextBootstrapper : Loaded default TestExecutionListener class names from location [META-INF/spring.factories]: [org.springframework.boot.test.autoconfigure.restdocs.RestDocsTestExecutionListener, org.springframework.boot.test.autoconfigure.web.client.MockRestServiceServerResetTestExecutionListener, org.springframework.boot.test.autoconfigure.web.servlet.MockMvcPrintOnlyOnFailureTestExecutionListener, org.springframework.boot.test.autoconfigure.web.servlet.WebDriverTestExecutionListener, org.springframework.boot.test.autoconfigure.webservices.client.MockWebServiceServerTestExecutionListener, org.springframework.boot.test.mock.mockito.MockitoTestExecutionListener, org.springframework.boot.test.mock.mockito.ResetMocksTestExecutionListener, org.springframework.test.context.web.ServletTestExecutionListener, org.springframework.test.context.support.DirtiesContextBeforeModesTestExecutionListener, org.springframework.test.context.event.ApplicationEventsTestExecutionListener, org.springframework.test.context.support.DependencyInjectionTestExecutionListener, org.springframework.test.context.support.DirtiesContextTestExecutionListener, org.springframework.test.context.transaction.TransactionalTestExecutionListener, org.springframework.test.context.jdbc.SqlScriptsTestExecutionListener, org.springframework.test.context.event.EventPublishingTestExecutionListener]
Processing operation: Operation(id=1, sum=123, currency=rub, merchant=Merch, clientId=1)
Waiting for next operation in queue
2023-12-23 15:45:06.209  INFO 16008 --- [    Test worker] .b.t.c.SpringBootTestContextBootstrapper : Using TestExecutionListeners: [org.springframework.test.context.web.ServletTestExecutionListener@640c216b, org.springframework.test.context.support.DirtiesContextBeforeModesTestExecutionListener@5170bc02, org.springframework.test.context.event.ApplicationEventsTestExecutionListener@c0c8f96, org.springframework.boot.test.mock.mockito.MockitoTestExecutionListener@3bd08435, org.springframework.boot.test.autoconfigure.SpringBootDependencyInjectionTestExecutionListener@3e52ed5d, org.springframework.test.context.support.DirtiesContextTestExecutionListener@6a96d639, org.springframework.test.context.event.EventPublishingTestExecutionListener@28e94c2, org.springframework.boot.test.autoconfigure.restdocs.RestDocsTestExecutionListener@3d40498a, org.springframework.boot.test.autoconfigure.web.client.MockRestServiceServerResetTestExecutionListener@14d1737a, org.springframework.boot.test.autoconfigure.web.servlet.MockMvcPrintOnlyOnFailureTestExecutionListener@482a58c7, org.springframework.boot.test.autoconfigure.web.servlet.WebDriverTestExecutionListener@3e74fd84, org.springframework.boot.test.autoconfigure.webservices.client.MockWebServiceServerTestExecutionListener@147efd9, org.springframework.boot.test.mock.mockito.ResetMocksTestExecutionListener@1e120628]
]]></system-out>
  <system-err><![CDATA[]]></system-err>
</testsuite>
