<?xml version="1.0" encoding="UTF-8"?>
<testsuite name="ru.netology.maskalev.CustomerServiceTest" tests="2" skipped="0" failures="0" errors="0" timestamp="2023-12-23T10:45:06" hostname="GLEB-MATEBOOK-D" time="0.02">
  <properties/>
  <testcase name="contextLoad()" classname="ru.netology.maskalev.CustomerServiceTest" time="0.008"/>
  <testcase name="addCustomerTest()" classname="ru.netology.maskalev.CustomerServiceTest" time="0.009"/>
  <system-out><![CDATA[2023-12-23 15:45:06.277  INFO 16008 --- [    Test worker] .b.t.c.SpringBootTestContextBootstrapper : Neither @ContextConfiguration nor @ContextHierarchy found for test class [ru.netology.maskalev.CustomerServiceTest], using SpringBootContextLoader
2023-12-23 15:45:06.278  INFO 16008 --- [    Test worker] o.s.t.c.support.AbstractContextLoader    : Could not detect default resource locations for test class [ru.netology.maskalev.CustomerServiceTest]: no resource found for suffixes {-context.xml, Context.groovy}.
2023-12-23 15:45:06.279  INFO 16008 --- [    Test worker] t.c.s.AnnotationConfigContextLoaderUtils : Could not detect default configuration classes for test class [ru.netology.maskalev.CustomerServiceTest]: CustomerServiceTest does not declare any static, non-private, non-final, nested classes annotated with @Configuration.
2023-12-23 15:45:06.285  INFO 16008 --- [    Test worker] .b.t.c.SpringBootTestContextBootstrapper : Found @SpringBootConfiguration ru.netology.maskalev.OperationHistoryApiApplication for test class ru.netology.maskalev.CustomerServiceTest
2023-12-23 15:45:06.288  INFO 16008 --- [    Test worker] .b.t.c.SpringBootTestContextBootstrapper : Loaded default TestExecutionListener class names from location [META-INF/spring.factories]: [org.springframework.boot.test.autoconfigure.restdocs.RestDocsTestExecutionListener, org.springframework.boot.test.autoconfigure.web.client.MockRestServiceServerResetTestExecutionListener, org.springframework.boot.test.autoconfigure.web.servlet.MockMvcPrintOnlyOnFailureTestExecutionListener, org.springframework.boot.test.autoconfigure.web.servlet.WebDriverTestExecutionListener, org.springframework.boot.test.autoconfigure.webservices.client.MockWebServiceServerTestExecutionListener, org.springframework.boot.test.mock.mockito.MockitoTestExecutionListener, org.springframework.boot.test.mock.mockito.ResetMocksTestExecutionListener, org.springframework.test.context.web.ServletTestExecutionListener, org.springframework.test.context.support.DirtiesContextBeforeModesTestExecutionListener, org.springframework.test.context.event.ApplicationEventsTestExecutionListener, org.springframework.test.context.support.DependencyInjectionTestExecutionListener, org.springframework.test.context.support.DirtiesContextTestExecutionListener, org.springframework.test.context.transaction.TransactionalTestExecutionListener, org.springframework.test.context.jdbc.SqlScriptsTestExecutionListener, org.springframework.test.context.event.EventPublishingTestExecutionListener]
2023-12-23 15:45:06.292  INFO 16008 --- [    Test worker] .b.t.c.SpringBootTestContextBootstrapper : Using TestExecutionListeners: [org.springframework.test.context.web.ServletTestExecutionListener@3ef3f661, org.springframework.test.context.support.DirtiesContextBeforeModesTestExecutionListener@baa9ce4, org.springframework.test.context.event.ApplicationEventsTestExecutionListener@5b332439, org.springframework.boot.test.mock.mockito.MockitoTestExecutionListener@59262a90, org.springframework.boot.test.autoconfigure.SpringBootDependencyInjectionTestExecutionListener@78479f2b, org.springframework.test.context.support.DirtiesContextTestExecutionListener@2755617b, org.springframework.test.context.event.EventPublishingTestExecutionListener@65859b44, org.springframework.boot.test.autoconfigure.restdocs.RestDocsTestExecutionListener@d9f5fce, org.springframework.boot.test.autoconfigure.web.client.MockRestServiceServerResetTestExecutionListener@49653791, org.springframework.boot.test.autoconfigure.web.servlet.MockMvcPrintOnlyOnFailureTestExecutionListener@45b7c97f, org.springframework.boot.test.autoconfigure.web.servlet.WebDriverTestExecutionListener@c212536, org.springframework.boot.test.autoconfigure.webservices.client.MockWebServiceServerTestExecutionListener@7b377a53, org.springframework.boot.test.mock.mockito.ResetMocksTestExecutionListener@1b0e031b]
]]></system-out>
  <system-err><![CDATA[]]></system-err>
</testsuite>
