<?xml version="1.0" encoding="UTF-8"?>
<testsuite name="ru.netology.maskalev.AsyncInputOperationServiceTest" tests="2" skipped="0" failures="0" errors="0" timestamp="2023-12-23T10:45:06" hostname="GLEB-MATEBOOK-D" time="0.04">
  <properties/>
  <testcase name="contextLoad()" classname="ru.netology.maskalev.AsyncInputOperationServiceTest" time="0.013"/>
  <testcase name="testOfferOperation()" classname="ru.netology.maskalev.AsyncInputOperationServiceTest" time="0.017"/>
  <system-out><![CDATA[2023-12-23 15:45:06.098  INFO 16008 --- [    Test worker] .b.t.c.SpringBootTestContextBootstrapper : Neither @ContextConfiguration nor @ContextHierarchy found for test class [ru.netology.maskalev.AsyncInputOperationServiceTest], using SpringBootContextLoader
2023-12-23 15:45:06.100  INFO 16008 --- [    Test worker] o.s.t.c.support.AbstractContextLoader    : Could not detect default resource locations for test class [ru.netology.maskalev.AsyncInputOperationServiceTest]: no resource found for suffixes {-context.xml, Context.groovy}.
2023-12-23 15:45:06.102  INFO 16008 --- [    Test worker] t.c.s.AnnotationConfigContextLoaderUtils : Could not detect default configuration classes for test class [ru.netology.maskalev.AsyncInputOperationServiceTest]: AsyncInputOperationServiceTest does not declare any static, non-private, non-final, nested classes annotated with @Configuration.
2023-12-23 15:45:06.105  INFO 16008 --- [    Test worker] .b.t.c.SpringBootTestContextBootstrapper : Found @SpringBootConfiguration ru.netology.maskalev.OperationHistoryApiApplication for test class ru.netology.maskalev.AsyncInputOperationServiceTest
2023-12-23 15:45:06.108  INFO 16008 --- [    Test worker] .b.t.c.SpringBootTestContextBootstrapper : Loaded default TestExecutionListener class names from location [META-INF/spring.factories]: [org.springframework.boot.test.autoconfigure.restdocs.RestDocsTestExecutionListener, org.springframework.boot.test.autoconfigure.web.client.MockRestServiceServerResetTestExecutionListener, org.springframework.boot.test.autoconfigure.web.servlet.MockMvcPrintOnlyOnFailureTestExecutionListener, org.springframework.boot.test.autoconfigure.web.servlet.WebDriverTestExecutionListener, org.springframework.boot.test.autoconfigure.webservices.client.MockWebServiceServerTestExecutionListener, org.springframework.boot.test.mock.mockito.MockitoTestExecutionListener, org.springframework.boot.test.mock.mockito.ResetMocksTestExecutionListener, org.springframework.test.context.web.ServletTestExecutionListener, org.springframework.test.context.support.DirtiesContextBeforeModesTestExecutionListener, org.springframework.test.context.event.ApplicationEventsTestExecutionListener, org.springframework.test.context.support.DependencyInjectionTestExecutionListener, org.springframework.test.context.support.DirtiesContextTestExecutionListener, org.springframework.test.context.transaction.TransactionalTestExecutionListener, org.springframework.test.context.jdbc.SqlScriptsTestExecutionListener, org.springframework.test.context.event.EventPublishingTestExecutionListener]
2023-12-23 15:45:06.110  INFO 16008 --- [    Test worker] .b.t.c.SpringBootTestContextBootstrapper : Using TestExecutionListeners: [org.springframework.test.context.web.ServletTestExecutionListener@365cef67, org.springframework.test.context.support.DirtiesContextBeforeModesTestExecutionListener@27df5806, org.springframework.test.context.event.ApplicationEventsTestExecutionListener@69bc9584, org.springframework.boot.test.mock.mockito.MockitoTestExecutionListener@3214bad, org.springframework.boot.test.autoconfigure.SpringBootDependencyInjectionTestExecutionListener@52d7ab79, org.springframework.test.context.support.DirtiesContextTestExecutionListener@f95d64d, org.springframework.test.context.event.EventPublishingTestExecutionListener@288728e, org.springframework.boot.test.autoconfigure.restdocs.RestDocsTestExecutionListener@b7d2d51, org.springframework.boot.test.autoconfigure.web.client.MockRestServiceServerResetTestExecutionListener@641ed324, org.springframework.boot.test.autoconfigure.web.servlet.MockMvcPrintOnlyOnFailureTestExecutionListener@45984654, org.springframework.boot.test.autoconfigure.web.servlet.WebDriverTestExecutionListener@4c5406b, org.springframework.boot.test.autoconfigure.webservices.client.MockWebServiceServerTestExecutionListener@66b0e207, org.springframework.boot.test.mock.mockito.ResetMocksTestExecutionListener@74a58a06]
]]></system-out>
  <system-err><![CDATA[]]></system-err>
</testsuite>
