<?xml version="1.0" encoding="UTF-8"?>
<testsuite name="ru.netology.maskalev.OperationHistoryApiApplicationTest" tests="1" skipped="0" failures="0" errors="0" timestamp="2023-12-23T10:45:06" hostname="GLEB-MATEBOOK-D" time="0.014">
  <properties/>
  <testcase name="contextLoad()" classname="ru.netology.maskalev.OperationHistoryApiApplicationTest" time="0.014"/>
  <system-out><![CDATA[2023-12-23 15:45:06.341  INFO 16008 --- [    Test worker] .b.t.c.SpringBootTestContextBootstrapper : Neither @ContextConfiguration nor @ContextHierarchy found for test class [ru.netology.maskalev.OperationHistoryApiApplicationTest], using SpringBootContextLoader
2023-12-23 15:45:06.349  INFO 16008 --- [    Test worker] o.s.t.c.support.AbstractContextLoader    : Could not detect default resource locations for test class [ru.netology.maskalev.OperationHistoryApiApplicationTest]: no resource found for suffixes {-context.xml, Context.groovy}.
2023-12-23 15:45:06.351  INFO 16008 --- [    Test worker] t.c.s.AnnotationConfigContextLoaderUtils : Could not detect default configuration classes for test class [ru.netology.maskalev.OperationHistoryApiApplicationTest]: OperationHistoryApiApplicationTest does not declare any static, non-private, non-final, nested classes annotated with @Configuration.
2023-12-23 15:45:06.354  INFO 16008 --- [    Test worker] .b.t.c.SpringBootTestContextBootstrapper : Found @SpringBootConfiguration ru.netology.maskalev.OperationHistoryApiApplication for test class ru.netology.maskalev.OperationHistoryApiApplicationTest
2023-12-23 15:45:06.361  INFO 16008 --- [    Test worker] .b.t.c.SpringBootTestContextBootstrapper : Loaded default TestExecutionListener class names from location [META-INF/spring.factories]: [org.springframework.boot.test.autoconfigure.restdocs.RestDocsTestExecutionListener, org.springframework.boot.test.autoconfigure.web.client.MockRestServiceServerResetTestExecutionListener, org.springframework.boot.test.autoconfigure.web.servlet.MockMvcPrintOnlyOnFailureTestExecutionListener, org.springframework.boot.test.autoconfigure.web.servlet.WebDriverTestExecutionListener, org.springframework.boot.test.autoconfigure.webservices.client.MockWebServiceServerTestExecutionListener, org.springframework.boot.test.mock.mockito.MockitoTestExecutionListener, org.springframework.boot.test.mock.mockito.ResetMocksTestExecutionListener, org.springframework.test.context.web.ServletTestExecutionListener, org.springframework.test.context.support.DirtiesContextBeforeModesTestExecutionListener, org.springframework.test.context.event.ApplicationEventsTestExecutionListener, org.springframework.test.context.support.DependencyInjectionTestExecutionListener, org.springframework.test.context.support.DirtiesContextTestExecutionListener, org.springframework.test.context.transaction.TransactionalTestExecutionListener, org.springframework.test.context.jdbc.SqlScriptsTestExecutionListener, org.springframework.test.context.event.EventPublishingTestExecutionListener]
2023-12-23 15:45:06.363  INFO 16008 --- [    Test worker] .b.t.c.SpringBootTestContextBootstrapper : Using TestExecutionListeners: [org.springframework.test.context.web.ServletTestExecutionListener@6e0d16a4, org.springframework.test.context.support.DirtiesContextBeforeModesTestExecutionListener@7e18ced7, org.springframework.test.context.event.ApplicationEventsTestExecutionListener@305b43ca, org.springframework.boot.test.mock.mockito.MockitoTestExecutionListener@4601047, org.springframework.boot.test.autoconfigure.SpringBootDependencyInjectionTestExecutionListener@25e8e59, org.springframework.test.context.support.DirtiesContextTestExecutionListener@3a0896b3, org.springframework.test.context.event.EventPublishingTestExecutionListener@50a7c72b, org.springframework.boot.test.autoconfigure.restdocs.RestDocsTestExecutionListener@54c11750, org.springframework.boot.test.autoconfigure.web.client.MockRestServiceServerResetTestExecutionListener@221b77d7, org.springframework.boot.test.autoconfigure.web.servlet.MockMvcPrintOnlyOnFailureTestExecutionListener@5cd8d029, org.springframework.boot.test.autoconfigure.web.servlet.WebDriverTestExecutionListener@32a8ca06, org.springframework.boot.test.autoconfigure.webservices.client.MockWebServiceServerTestExecutionListener@6e8f2094, org.springframework.boot.test.mock.mockito.ResetMocksTestExecutionListener@1753475d]
]]></system-out>
  <system-err><![CDATA[]]></system-err>
</testsuite>
