<?xml version="1.0" encoding="UTF-8"?>
<testsuite name="ru.netology.maskalev.CustomerServiceTest" tests="2" skipped="0" failures="0" errors="0" timestamp="2023-12-22T21:54:04" hostname="GLEB-MATEBOOK-D" time="0.026">
  <properties/>
  <testcase name="contextLoad()" classname="ru.netology.maskalev.CustomerServiceTest" time="0.012"/>
  <testcase name="addCustomerTest()" classname="ru.netology.maskalev.CustomerServiceTest" time="0.01"/>
  <system-out><![CDATA[2023-12-23 02:54:04.453  INFO 9700 --- [    Test worker] .b.t.c.SpringBootTestContextBootstrapper : Neither @ContextConfiguration nor @ContextHierarchy found for test class [ru.netology.maskalev.CustomerServiceTest], using SpringBootContextLoader
2023-12-23 02:54:04.460  INFO 9700 --- [    Test worker] o.s.t.c.support.AbstractContextLoader    : Could not detect default resource locations for test class [ru.netology.maskalev.CustomerServiceTest]: no resource found for suffixes {-context.xml, Context.groovy}.
2023-12-23 02:54:04.466  INFO 9700 --- [    Test worker] t.c.s.AnnotationConfigContextLoaderUtils : Could not detect default configuration classes for test class [ru.netology.maskalev.CustomerServiceTest]: CustomerServiceTest does not declare any static, non-private, non-final, nested classes annotated with @Configuration.
2023-12-23 02:54:04.473  INFO 9700 --- [    Test worker] .b.t.c.SpringBootTestContextBootstrapper : Found @SpringBootConfiguration ru.netology.maskalev.OperationHistoryApiApplication for test class ru.netology.maskalev.CustomerServiceTest
2023-12-23 02:54:04.478  INFO 9700 --- [    Test worker] .b.t.c.SpringBootTestContextBootstrapper : Loaded default TestExecutionListener class names from location [META-INF/spring.factories]: [org.springframework.boot.test.autoconfigure.restdocs.RestDocsTestExecutionListener, org.springframework.boot.test.autoconfigure.web.client.MockRestServiceServerResetTestExecutionListener, org.springframework.boot.test.autoconfigure.web.servlet.MockMvcPrintOnlyOnFailureTestExecutionListener, org.springframework.boot.test.autoconfigure.web.servlet.WebDriverTestExecutionListener, org.springframework.boot.test.autoconfigure.webservices.client.MockWebServiceServerTestExecutionListener, org.springframework.boot.test.mock.mockito.MockitoTestExecutionListener, org.springframework.boot.test.mock.mockito.ResetMocksTestExecutionListener, org.springframework.test.context.web.ServletTestExecutionListener, org.springframework.test.context.support.DirtiesContextBeforeModesTestExecutionListener, org.springframework.test.context.event.ApplicationEventsTestExecutionListener, org.springframework.test.context.support.DependencyInjectionTestExecutionListener, org.springframework.test.context.support.DirtiesContextTestExecutionListener, org.springframework.test.context.transaction.TransactionalTestExecutionListener, org.springframework.test.context.jdbc.SqlScriptsTestExecutionListener, org.springframework.test.context.event.EventPublishingTestExecutionListener]
2023-12-23 02:54:04.481  INFO 9700 --- [    Test worker] .b.t.c.SpringBootTestContextBootstrapper : Using TestExecutionListeners: [org.springframework.test.context.web.ServletTestExecutionListener@675ec28b, org.springframework.test.context.support.DirtiesContextBeforeModesTestExecutionListener@11399548, org.springframework.test.context.event.ApplicationEventsTestExecutionListener@610fbe1c, org.springframework.boot.test.mock.mockito.MockitoTestExecutionListener@46d0f89c, org.springframework.boot.test.autoconfigure.SpringBootDependencyInjectionTestExecutionListener@570b2057, org.springframework.test.context.support.DirtiesContextTestExecutionListener@a457c2b, org.springframework.test.context.event.EventPublishingTestExecutionListener@16a6dc21, org.springframework.boot.test.autoconfigure.restdocs.RestDocsTestExecutionListener@5773d271, org.springframework.boot.test.autoconfigure.web.client.MockRestServiceServerResetTestExecutionListener@59f45950, org.springframework.boot.test.autoconfigure.web.servlet.MockMvcPrintOnlyOnFailureTestExecutionListener@7871d261, org.springframework.boot.test.autoconfigure.web.servlet.WebDriverTestExecutionListener@58164e9a, org.springframework.boot.test.autoconfigure.webservices.client.MockWebServiceServerTestExecutionListener@11bfffb3, org.springframework.boot.test.mock.mockito.ResetMocksTestExecutionListener@6a7a1a0d]
]]></system-out>
  <system-err><![CDATA[]]></system-err>
</testsuite>
