<?xml version="1.0" encoding="UTF-8"?>
<testsuite name="ru.netology.maskalev.AsyncInputOperationServiceTest" tests="2" skipped="0" failures="0" errors="0" timestamp="2023-12-22T21:54:04" hostname="GLEB-MATEBOOK-D" time="0.018">
  <properties/>
  <testcase name="contextLoad()" classname="ru.netology.maskalev.AsyncInputOperationServiceTest" time="0.009"/>
  <testcase name="testOfferOperation()" classname="ru.netology.maskalev.AsyncInputOperationServiceTest" time="0.007"/>
  <system-out><![CDATA[2023-12-23 02:54:04.273  INFO 9700 --- [    Test worker] .b.t.c.SpringBootTestContextBootstrapper : Neither @ContextConfiguration nor @ContextHierarchy found for test class [ru.netology.maskalev.AsyncInputOperationServiceTest], using SpringBootContextLoader
2023-12-23 02:54:04.293  INFO 9700 --- [    Test worker] o.s.t.c.support.AbstractContextLoader    : Could not detect default resource locations for test class [ru.netology.maskalev.AsyncInputOperationServiceTest]: no resource found for suffixes {-context.xml, Context.groovy}.
2023-12-23 02:54:04.294  INFO 9700 --- [    Test worker] t.c.s.AnnotationConfigContextLoaderUtils : Could not detect default configuration classes for test class [ru.netology.maskalev.AsyncInputOperationServiceTest]: AsyncInputOperationServiceTest does not declare any static, non-private, non-final, nested classes annotated with @Configuration.
2023-12-23 02:54:04.299  INFO 9700 --- [    Test worker] .b.t.c.SpringBootTestContextBootstrapper : Found @SpringBootConfiguration ru.netology.maskalev.OperationHistoryApiApplication for test class ru.netology.maskalev.AsyncInputOperationServiceTest
2023-12-23 02:54:04.302  INFO 9700 --- [    Test worker] .b.t.c.SpringBootTestContextBootstrapper : Loaded default TestExecutionListener class names from location [META-INF/spring.factories]: [org.springframework.boot.test.autoconfigure.restdocs.RestDocsTestExecutionListener, org.springframework.boot.test.autoconfigure.web.client.MockRestServiceServerResetTestExecutionListener, org.springframework.boot.test.autoconfigure.web.servlet.MockMvcPrintOnlyOnFailureTestExecutionListener, org.springframework.boot.test.autoconfigure.web.servlet.WebDriverTestExecutionListener, org.springframework.boot.test.autoconfigure.webservices.client.MockWebServiceServerTestExecutionListener, org.springframework.boot.test.mock.mockito.MockitoTestExecutionListener, org.springframework.boot.test.mock.mockito.ResetMocksTestExecutionListener, org.springframework.test.context.web.ServletTestExecutionListener, org.springframework.test.context.support.DirtiesContextBeforeModesTestExecutionListener, org.springframework.test.context.event.ApplicationEventsTestExecutionListener, org.springframework.test.context.support.DependencyInjectionTestExecutionListener, org.springframework.test.context.support.DirtiesContextTestExecutionListener, org.springframework.test.context.transaction.TransactionalTestExecutionListener, org.springframework.test.context.jdbc.SqlScriptsTestExecutionListener, org.springframework.test.context.event.EventPublishingTestExecutionListener]
2023-12-23 02:54:04.304  INFO 9700 --- [    Test worker] .b.t.c.SpringBootTestContextBootstrapper : Using TestExecutionListeners: [org.springframework.test.context.web.ServletTestExecutionListener@305b43ca, org.springframework.test.context.support.DirtiesContextBeforeModesTestExecutionListener@4601047, org.springframework.test.context.event.ApplicationEventsTestExecutionListener@25e8e59, org.springframework.boot.test.mock.mockito.MockitoTestExecutionListener@3a0896b3, org.springframework.boot.test.autoconfigure.SpringBootDependencyInjectionTestExecutionListener@50a7c72b, org.springframework.test.context.support.DirtiesContextTestExecutionListener@54c11750, org.springframework.test.context.event.EventPublishingTestExecutionListener@221b77d7, org.springframework.boot.test.autoconfigure.restdocs.RestDocsTestExecutionListener@5cd8d029, org.springframework.boot.test.autoconfigure.web.client.MockRestServiceServerResetTestExecutionListener@32a8ca06, org.springframework.boot.test.autoconfigure.web.servlet.MockMvcPrintOnlyOnFailureTestExecutionListener@6e8f2094, org.springframework.boot.test.autoconfigure.web.servlet.WebDriverTestExecutionListener@1753475d, org.springframework.boot.test.autoconfigure.webservices.client.MockWebServiceServerTestExecutionListener@d108406, org.springframework.boot.test.mock.mockito.ResetMocksTestExecutionListener@799c8758]
]]></system-out>
  <system-err><![CDATA[]]></system-err>
</testsuite>
